c:\users\fdomi\source\repos\balaengine\x64\release\balaengine.ipdb
c:\users\fdomi\source\repos\balaengine\x64\release\balaengine.iobj
c:\users\fdomi\source\repos\balaengine\balaengine\x64\release\vc142.pdb
c:\users\fdomi\source\repos\balaengine\balaengine\x64\release\textureloader.obj
c:\users\fdomi\source\repos\balaengine\balaengine\x64\release\textrenderer.obj
c:\users\fdomi\source\repos\balaengine\balaengine\x64\release\shaderloader.obj
c:\users\fdomi\source\repos\balaengine\balaengine\x64\release\player.obj
c:\users\fdomi\source\repos\balaengine\balaengine\x64\release\meshrenderer.obj
c:\users\fdomi\source\repos\balaengine\balaengine\x64\release\mesh.obj
c:\users\fdomi\source\repos\balaengine\balaengine\x64\release\main.obj
c:\users\fdomi\source\repos\balaengine\balaengine\x64\release\lightrenderer.obj
c:\users\fdomi\source\repos\balaengine\balaengine\x64\release\input.obj
c:\users\fdomi\source\repos\balaengine\balaengine\x64\release\gosphere.obj
c:\users\fdomi\source\repos\balaengine\balaengine\x64\release\gorectangle.obj
c:\users\fdomi\source\repos\balaengine\balaengine\x64\release\gameobject.obj
c:\users\fdomi\source\repos\balaengine\balaengine\x64\release\enemy.obj
c:\users\fdomi\source\repos\balaengine\balaengine\x64\release\camera.obj
c:\users\fdomi\source\repos\balaengine\x64\release\balaengine.exe
c:\users\fdomi\source\repos\balaengine\x64\release\balaengine.pdb
c:\users\fdomi\source\repos\balaengine\balaengine\x64\release\balaengine.tlog\balaengine.write.1u.tlog
c:\users\fdomi\source\repos\balaengine\balaengine\x64\release\balaengine.tlog\cl.command.1.tlog
c:\users\fdomi\source\repos\balaengine\balaengine\x64\release\balaengine.tlog\cl.read.1.tlog
c:\users\fdomi\source\repos\balaengine\balaengine\x64\release\balaengine.tlog\cl.write.1.tlog
c:\users\fdomi\source\repos\balaengine\balaengine\x64\release\balaengine.tlog\link.command.1.tlog
c:\users\fdomi\source\repos\balaengine\balaengine\x64\release\balaengine.tlog\link.delete.1.tlog
c:\users\fdomi\source\repos\balaengine\balaengine\x64\release\balaengine.tlog\link.read.1.tlog
c:\users\fdomi\source\repos\balaengine\balaengine\x64\release\balaengine.tlog\link.write.1.tlog
