c:\users\fdomi\source\repos\balaengine\balaengine\x64\debug\vc142.pdb
c:\users\fdomi\source\repos\balaengine\balaengine\x64\debug\vc142.idb
c:\users\fdomi\source\repos\balaengine\balaengine\x64\debug\player.obj
c:\users\fdomi\source\repos\balaengine\balaengine\x64\debug\meshrenderer.obj
c:\users\fdomi\source\repos\balaengine\balaengine\x64\debug\main.obj
c:\users\fdomi\source\repos\balaengine\balaengine\x64\debug\lightrenderer.obj
c:\users\fdomi\source\repos\balaengine\balaengine\x64\debug\gameobject.obj
c:\users\fdomi\source\repos\balaengine\balaengine\x64\debug\gosphere.obj
c:\users\fdomi\source\repos\balaengine\balaengine\x64\debug\gorectangle.obj
c:\users\fdomi\source\repos\balaengine\balaengine\x64\debug\enemy.obj
c:\users\fdomi\source\repos\balaengine\balaengine\x64\debug\textureloader.obj
c:\users\fdomi\source\repos\balaengine\balaengine\x64\debug\textrenderer.obj
c:\users\fdomi\source\repos\balaengine\balaengine\x64\debug\shaderloader.obj
c:\users\fdomi\source\repos\balaengine\balaengine\x64\debug\mesh.obj
c:\users\fdomi\source\repos\balaengine\balaengine\x64\debug\input.obj
c:\users\fdomi\source\repos\balaengine\balaengine\x64\debug\camera.obj
c:\users\fdomi\source\repos\balaengine\x64\debug\balaengine.exe
c:\users\fdomi\source\repos\balaengine\x64\debug\balaengine.ilk
c:\users\fdomi\source\repos\balaengine\x64\debug\balaengine.pdb
c:\users\fdomi\source\repos\balaengine\balaengine\x64\debug\model.obj
c:\users\fdomi\source\repos\balaengine\balaengine\x64\debug\balaengine.tlog\cl.command.1.tlog
c:\users\fdomi\source\repos\balaengine\balaengine\x64\debug\balaengine.tlog\cl.read.1.tlog
c:\users\fdomi\source\repos\balaengine\balaengine\x64\debug\balaengine.tlog\cl.write.1.tlog
c:\users\fdomi\source\repos\balaengine\balaengine\x64\debug\balaengine.tlog\link.command.1.tlog
c:\users\fdomi\source\repos\balaengine\balaengine\x64\debug\balaengine.tlog\link.read.1.tlog
c:\users\fdomi\source\repos\balaengine\balaengine\x64\debug\balaengine.tlog\link.write.1.tlog
